2024-10-11 02:56:33,887 INFO o.a.j.u.JMeterUtils: Setting Locale to en_EN
2024-10-11 02:56:33,917 INFO o.a.j.JMeter: Loading user properties from: C:\Users\iamle\Documents\apache-jmeter-5.6.3\bin\user.properties
2024-10-11 02:56:33,918 INFO o.a.j.JMeter: Loading system properties from: C:\Users\iamle\Documents\apache-jmeter-5.6.3\bin\system.properties
2024-10-11 02:56:33,918 INFO o.a.j.JMeter: Setting System property: usePureIDs=true
2024-10-11 02:56:33,918 INFO o.a.j.JMeter: Setting JMeter property: HOST=acmeair7.mycluster-ca-tor-2-bx2-4x-04e8c71ff333c8969bc4cbc5a77a70f6-0000.ca-tor.containers.appdomain.cloud
2024-10-11 02:56:33,918 INFO o.a.j.JMeter: Setting JMeter property: PORT=80
2024-10-11 02:56:33,919 INFO o.a.j.JMeter: Setting JMeter property: THREAD=50
2024-10-11 02:56:33,919 INFO o.a.j.JMeter: Setting JMeter property: USER=500
2024-10-11 02:56:33,919 INFO o.a.j.JMeter: Setting JMeter property: DURATION=300
2024-10-11 02:56:33,919 INFO o.a.j.JMeter: Setting JMeter property: RAMP=60
2024-10-11 02:56:33,919 INFO o.a.j.JMeter: Setting JMeter property: DELAY=30
2024-10-11 02:56:33,927 INFO o.a.j.JMeter: Copyright (c) 1998-2024 The Apache Software Foundation
2024-10-11 02:56:33,927 INFO o.a.j.JMeter: Version 5.6.3
2024-10-11 02:56:33,927 INFO o.a.j.JMeter: java.version=21.0.3
2024-10-11 02:56:33,927 INFO o.a.j.JMeter: java.vm.name=Java HotSpot(TM) 64-Bit Server VM
2024-10-11 02:56:33,927 INFO o.a.j.JMeter: os.name=Windows 10
2024-10-11 02:56:33,927 INFO o.a.j.JMeter: os.arch=amd64
2024-10-11 02:56:33,927 INFO o.a.j.JMeter: os.version=10.0
2024-10-11 02:56:33,927 INFO o.a.j.JMeter: file.encoding=UTF-8
2024-10-11 02:56:33,927 INFO o.a.j.JMeter: java.awt.headless=true
2024-10-11 02:56:33,927 INFO o.a.j.JMeter: Max memory     =1073741824
2024-10-11 02:56:33,927 INFO o.a.j.JMeter: Available Processors =3
2024-10-11 02:56:33,941 INFO o.a.j.JMeter: Default Locale=English (EN)
2024-10-11 02:56:33,941 INFO o.a.j.JMeter: JMeter  Locale=English (EN)
2024-10-11 02:56:33,942 INFO o.a.j.JMeter: JMeterHome=C:\Users\iamle\Documents\apache-jmeter-5.6.3
2024-10-11 02:56:33,942 INFO o.a.j.JMeter: user.dir  =C:\Users\iamle\Documents\local_acmeair_g7\acmeair-driver-arthur\acmeair-driver-arthur
2024-10-11 02:56:33,942 INFO o.a.j.JMeter: PWD       =C:\Users\iamle\Documents\local_acmeair_g7\acmeair-driver-arthur\acmeair-driver-arthur
2024-10-11 02:56:33,944 INFO o.a.j.JMeter: IP: 192.168.122.146 Name: DESKTOP-V3SCC0E FullName: host.docker.internal
2024-10-11 02:56:33,970 INFO o.a.j.s.FileServer: Default base='C:\Users\iamle\Documents\local_acmeair_g7\acmeair-driver-arthur\acmeair-driver-arthur'
2024-10-11 02:56:33,973 INFO o.a.j.s.FileServer: Set new base='C:\Users\iamle\Documents\local_acmeair_g7\acmeair-driver-arthur\acmeair-driver-arthur\acmeair-jmeter\scripts'
2024-10-11 02:56:34,256 INFO o.a.j.s.SaveService: Testplan (JMX) version: 2.2. Testlog (JTL) version: 2.2
2024-10-11 02:56:34,302 INFO o.a.j.s.SaveService: Using SaveService properties version 5.0
2024-10-11 02:56:34,307 INFO o.a.j.s.SaveService: Using SaveService properties file encoding UTF-8
2024-10-11 02:56:34,315 INFO o.a.j.s.SaveService: Loading file: acmeair-jmeter\scripts\AcmeAir-microservices-mpJwt.jmx
2024-10-11 02:56:34,385 INFO o.a.j.p.h.c.CookieManager: Settings: Delete null: true Check: true Allow variable: true Save: true Prefix: COOKIE_
2024-10-11 02:56:34,416 INFO o.a.j.p.h.s.HTTPSamplerBase: Parser for text/html is org.apache.jmeter.protocol.http.parser.LagartoBasedHtmlParser
2024-10-11 02:56:34,416 INFO o.a.j.p.h.s.HTTPSamplerBase: Parser for application/xhtml+xml is org.apache.jmeter.protocol.http.parser.LagartoBasedHtmlParser
2024-10-11 02:56:34,418 INFO o.a.j.p.h.s.HTTPSamplerBase: Parser for application/xml is org.apache.jmeter.protocol.http.parser.LagartoBasedHtmlParser
2024-10-11 02:56:34,418 INFO o.a.j.p.h.s.HTTPSamplerBase: Parser for text/xml is org.apache.jmeter.protocol.http.parser.LagartoBasedHtmlParser
2024-10-11 02:56:34,418 INFO o.a.j.p.h.s.HTTPSamplerBase: Parser for text/vnd.wap.wml is org.apache.jmeter.protocol.http.parser.RegexpHTMLParser
2024-10-11 02:56:34,418 INFO o.a.j.p.h.s.HTTPSamplerBase: Parser for text/css is org.apache.jmeter.protocol.http.parser.CssParser
2024-10-11 02:56:34,543 INFO o.a.j.JMeter: Creating summariser <summary>
2024-10-11 02:56:34,560 INFO o.a.j.e.StandardJMeterEngine: Running the test!
2024-10-11 02:56:34,562 INFO o.a.j.s.SampleEvent: List of sample_variables: [FLIGHTTOCOUNT, FLIGHTRETCOUNT, ONEWAY]
2024-10-11 02:56:34,563 INFO o.a.j.s.SampleEvent: List of sample_variables: [FLIGHTTOCOUNT, FLIGHTRETCOUNT, ONEWAY]
2024-10-11 02:56:34,577 INFO o.a.j.e.u.CompoundVariable: Note: Function class names must contain the string: '.functions.'
2024-10-11 02:56:34,577 INFO o.a.j.e.u.CompoundVariable: Note: Function class names must not contain the string: '.gui.'
2024-10-11 02:56:34,662 INFO o.a.j.r.ClassFinder: Will scan jar C:\Users\iamle\Documents\apache-jmeter-5.6.3\lib\ext\acmeair-jmeter-2.0.0-SNAPSHOT.jar with filter ExtendsClassFilter [parents=[interface org.apache.jmeter.functions.Function], inner=false, contains=null, notContains=null]. Consider exposing JMeter plugins via META-INF/services, and add JMeter-Skip-Class-Scanning=true manifest attribute so JMeter can skip classfile scanning
2024-10-11 02:56:34,668 INFO o.a.j.r.ClassFinder: Will scan jar C:\Users\iamle\Documents\apache-jmeter-5.6.3\lib\ext\json-simple-1.1.1.jar with filter ExtendsClassFilter [parents=[interface org.apache.jmeter.functions.Function], inner=false, contains=null, notContains=null]. Consider exposing JMeter plugins via META-INF/services, and add JMeter-Skip-Class-Scanning=true manifest attribute so JMeter can skip classfile scanning
2024-10-11 02:56:34,771 INFO o.a.j.JMeter: Running test (1728629794771)
2024-10-11 02:56:34,811 INFO o.a.j.e.StandardJMeterEngine: Starting ThreadGroup: 1 : Thread Group
2024-10-11 02:56:34,811 INFO o.a.j.e.StandardJMeterEngine: Starting 50 threads for group Thread Group.
2024-10-11 02:56:34,812 INFO o.a.j.e.StandardJMeterEngine: Thread will continue on error
2024-10-11 02:56:34,812 INFO o.a.j.t.ThreadGroup: Starting thread group... number=1 threads=50 ramp-up=60 delayedStart=false
2024-10-11 02:56:34,890 INFO o.a.j.t.ThreadGroup: Started thread group number 1
2024-10-11 02:56:34,890 INFO o.a.j.e.StandardJMeterEngine: All thread groups have been started
2024-10-11 02:56:35,813 INFO o.a.j.t.JMeterThread: Thread started: Thread Group 1-1
2024-10-11 02:56:35,820 INFO o.a.j.s.FileServer: Stored: hosts.csv Alias: hosts.csv@1764934449
2024-10-11 02:56:35,872 INFO o.a.j.p.h.s.HTTPHCAbstractImpl: Local host = DESKTOP-V3SCC0E
2024-10-11 02:56:35,880 INFO o.a.j.p.h.s.HTTPHC4Impl: HTTP request retry count = 0
2024-10-11 02:56:35,880 INFO o.a.j.s.SampleResult: Note: Sample TimeStamps are START times
2024-10-11 02:56:35,880 INFO o.a.j.s.SampleResult: sampleresult.default.encoding is set to UTF-8
2024-10-11 02:56:35,880 INFO o.a.j.s.SampleResult: sampleresult.useNanoTime=true
2024-10-11 02:56:35,883 INFO o.a.j.s.SampleResult: sampleresult.nanoThreadSleep=5000
2024-10-11 02:56:37,024 INFO o.a.j.t.JMeterThread: Thread started: Thread Group 1-2
2024-10-11 02:56:37,029 INFO o.a.j.s.FileServer: Stored: hosts.csv Alias: hosts.csv@1018517188
2024-10-11 02:56:38,225 INFO o.a.j.t.JMeterThread: Thread started: Thread Group 1-3
2024-10-11 02:56:38,230 INFO o.a.j.s.FileServer: Stored: hosts.csv Alias: hosts.csv@133052694
2024-10-11 02:56:38,929 INFO o.a.j.s.FileServer: Stored: Airports2.csv
2024-10-11 02:56:38,932 INFO o.a.j.s.FileServer: Stored: Airports.csv
2024-10-11 02:56:39,419 INFO o.a.j.t.JMeterThread: Thread started: Thread Group 1-4
2024-10-11 02:56:39,422 INFO o.a.j.s.FileServer: Stored: hosts.csv Alias: hosts.csv@1030483902
2024-10-11 02:56:40,619 INFO o.a.j.t.JMeterThread: Thread started: Thread Group 1-5
2024-10-11 02:56:40,621 INFO o.a.j.s.FileServer: Stored: hosts.csv Alias: hosts.csv@1565395155
2024-10-11 02:56:41,823 INFO o.a.j.t.JMeterThread: Thread started: Thread Group 1-6
2024-10-11 02:56:41,825 INFO o.a.j.s.FileServer: Stored: hosts.csv Alias: hosts.csv@1667376294
2024-10-11 02:56:43,022 INFO o.a.j.t.JMeterThread: Thread started: Thread Group 1-7
2024-10-11 02:56:43,027 INFO o.a.j.s.FileServer: Stored: hosts.csv Alias: hosts.csv@1677016481
2024-10-11 02:56:44,221 INFO o.a.j.t.JMeterThread: Thread started: Thread Group 1-8
2024-10-11 02:56:44,223 INFO o.a.j.s.FileServer: Stored: hosts.csv Alias: hosts.csv@1964187349
2024-10-11 02:56:45,423 INFO o.a.j.t.JMeterThread: Thread started: Thread Group 1-9
2024-10-11 02:56:45,426 INFO o.a.j.s.FileServer: Stored: hosts.csv Alias: hosts.csv@1246701231
2024-10-11 02:56:46,627 INFO o.a.j.t.JMeterThread: Thread started: Thread Group 1-10
2024-10-11 02:56:46,630 INFO o.a.j.s.FileServer: Stored: hosts.csv Alias: hosts.csv@1065731470
2024-10-11 02:56:47,816 INFO o.a.j.t.JMeterThread: Thread started: Thread Group 1-11
2024-10-11 02:56:47,820 INFO o.a.j.s.FileServer: Stored: hosts.csv Alias: hosts.csv@80291922
2024-10-11 02:56:49,015 INFO o.a.j.t.JMeterThread: Thread started: Thread Group 1-12
2024-10-11 02:56:49,017 INFO o.a.j.s.FileServer: Stored: hosts.csv Alias: hosts.csv@1395421798
2024-10-11 02:56:50,217 INFO o.a.j.t.JMeterThread: Thread started: Thread Group 1-13
2024-10-11 02:56:50,219 INFO o.a.j.s.FileServer: Stored: hosts.csv Alias: hosts.csv@1172840897
2024-10-11 02:56:51,425 INFO o.a.j.t.JMeterThread: Thread started: Thread Group 1-14
2024-10-11 02:56:51,427 INFO o.a.j.s.FileServer: Stored: hosts.csv Alias: hosts.csv@50044977
2024-10-11 02:56:52,629 INFO o.a.j.t.JMeterThread: Thread started: Thread Group 1-15
2024-10-11 02:56:52,629 INFO o.a.j.s.FileServer: Stored: hosts.csv Alias: hosts.csv@119213602
2024-10-11 02:56:53,818 INFO o.a.j.t.JMeterThread: Thread started: Thread Group 1-16
2024-10-11 02:56:53,821 INFO o.a.j.s.FileServer: Stored: hosts.csv Alias: hosts.csv@1514161192
2024-10-11 02:56:55,019 INFO o.a.j.t.JMeterThread: Thread started: Thread Group 1-17
2024-10-11 02:56:55,020 INFO o.a.j.s.FileServer: Stored: hosts.csv Alias: hosts.csv@627285058
2024-10-11 02:56:56,222 INFO o.a.j.t.JMeterThread: Thread started: Thread Group 1-18
2024-10-11 02:56:56,226 INFO o.a.j.s.FileServer: Stored: hosts.csv Alias: hosts.csv@1106003635
2024-10-11 02:56:57,426 INFO o.a.j.t.JMeterThread: Thread started: Thread Group 1-19
2024-10-11 02:56:57,426 INFO o.a.j.s.FileServer: Stored: hosts.csv Alias: hosts.csv@1888832078
2024-10-11 02:56:58,615 INFO o.a.j.t.JMeterThread: Thread started: Thread Group 1-20
2024-10-11 02:56:58,615 INFO o.a.j.s.FileServer: Stored: hosts.csv Alias: hosts.csv@1064614057
2024-10-11 02:56:59,818 INFO o.a.j.t.JMeterThread: Thread started: Thread Group 1-21
2024-10-11 02:56:59,821 INFO o.a.j.s.FileServer: Stored: hosts.csv Alias: hosts.csv@1793118540
2024-10-11 02:57:00,561 INFO o.a.j.r.Summariser: summary +     31 in 00:00:26 =    1.2/s Avg:   417 Min:    13 Max:  3043 Err:    31 (100.00%) Active: 21 Started: 21 Finished: 0
2024-10-11 02:57:01,019 INFO o.a.j.t.JMeterThread: Thread started: Thread Group 1-22
2024-10-11 02:57:01,020 INFO o.a.j.s.FileServer: Stored: hosts.csv Alias: hosts.csv@1427108011
2024-10-11 02:57:02,222 INFO o.a.j.t.JMeterThread: Thread started: Thread Group 1-23
2024-10-11 02:57:02,224 INFO o.a.j.s.FileServer: Stored: hosts.csv Alias: hosts.csv@2128532277
2024-10-11 02:57:03,418 INFO o.a.j.t.JMeterThread: Thread started: Thread Group 1-24
2024-10-11 02:57:03,420 INFO o.a.j.s.FileServer: Stored: hosts.csv Alias: hosts.csv@448565381
2024-10-11 02:57:04,623 INFO o.a.j.t.JMeterThread: Thread started: Thread Group 1-25
2024-10-11 02:57:04,625 INFO o.a.j.s.FileServer: Stored: hosts.csv Alias: hosts.csv@2056606906
2024-10-11 02:57:05,825 INFO o.a.j.t.JMeterThread: Thread started: Thread Group 1-26
2024-10-11 02:57:05,826 INFO o.a.j.s.FileServer: Stored: hosts.csv Alias: hosts.csv@1678566614
2024-10-11 02:57:07,020 INFO o.a.j.t.JMeterThread: Thread started: Thread Group 1-27
2024-10-11 02:57:07,020 INFO o.a.j.s.FileServer: Stored: hosts.csv Alias: hosts.csv@1868448069
2024-10-11 02:57:08,226 INFO o.a.j.t.JMeterThread: Thread started: Thread Group 1-28
2024-10-11 02:57:08,227 INFO o.a.j.s.FileServer: Stored: hosts.csv Alias: hosts.csv@930983416
2024-10-11 02:57:09,427 INFO o.a.j.t.JMeterThread: Thread started: Thread Group 1-29
2024-10-11 02:57:09,430 INFO o.a.j.s.FileServer: Stored: hosts.csv Alias: hosts.csv@778900917
2024-10-11 02:57:10,623 INFO o.a.j.t.JMeterThread: Thread started: Thread Group 1-30
2024-10-11 02:57:10,623 INFO o.a.j.s.FileServer: Stored: hosts.csv Alias: hosts.csv@1292660714
2024-10-11 02:57:11,825 INFO o.a.j.t.JMeterThread: Thread started: Thread Group 1-31
2024-10-11 02:57:11,827 INFO o.a.j.s.FileServer: Stored: hosts.csv Alias: hosts.csv@433809296
2024-10-11 02:57:13,019 INFO o.a.j.t.JMeterThread: Thread started: Thread Group 1-32
2024-10-11 02:57:13,020 INFO o.a.j.s.FileServer: Stored: hosts.csv Alias: hosts.csv@2011630430
2024-10-11 02:57:14,221 INFO o.a.j.t.JMeterThread: Thread started: Thread Group 1-33
2024-10-11 02:57:14,223 INFO o.a.j.s.FileServer: Stored: hosts.csv Alias: hosts.csv@308163596
2024-10-11 02:57:15,426 INFO o.a.j.t.JMeterThread: Thread started: Thread Group 1-34
2024-10-11 02:57:15,426 INFO o.a.j.s.FileServer: Stored: hosts.csv Alias: hosts.csv@38969354
2024-10-11 02:57:16,630 INFO o.a.j.t.JMeterThread: Thread started: Thread Group 1-35
2024-10-11 02:57:16,631 INFO o.a.j.s.FileServer: Stored: hosts.csv Alias: hosts.csv@317826440
2024-10-11 02:57:17,818 INFO o.a.j.t.JMeterThread: Thread started: Thread Group 1-36
2024-10-11 02:57:17,819 INFO o.a.j.s.FileServer: Stored: hosts.csv Alias: hosts.csv@1646608928
2024-10-11 02:57:19,022 INFO o.a.j.t.JMeterThread: Thread started: Thread Group 1-37
2024-10-11 02:57:19,024 INFO o.a.j.s.FileServer: Stored: hosts.csv Alias: hosts.csv@189104390
2024-10-11 02:57:20,226 INFO o.a.j.t.JMeterThread: Thread started: Thread Group 1-38
2024-10-11 02:57:20,226 INFO o.a.j.s.FileServer: Stored: hosts.csv Alias: hosts.csv@1620407941
2024-10-11 02:57:21,416 INFO o.a.j.t.JMeterThread: Thread started: Thread Group 1-39
2024-10-11 02:57:21,416 INFO o.a.j.s.FileServer: Stored: hosts.csv Alias: hosts.csv@1173765659
2024-10-11 02:57:22,625 INFO o.a.j.t.JMeterThread: Thread started: Thread Group 1-40
2024-10-11 02:57:22,626 INFO o.a.j.s.FileServer: Stored: hosts.csv Alias: hosts.csv@535664964
2024-10-11 02:57:23,816 INFO o.a.j.t.JMeterThread: Thread started: Thread Group 1-41
2024-10-11 02:57:23,817 INFO o.a.j.s.FileServer: Stored: hosts.csv Alias: hosts.csv@1644268468
2024-10-11 02:57:25,021 INFO o.a.j.t.JMeterThread: Thread started: Thread Group 1-42
2024-10-11 02:57:25,023 INFO o.a.j.s.FileServer: Stored: hosts.csv Alias: hosts.csv@1260998196
2024-10-11 02:57:26,220 INFO o.a.j.t.JMeterThread: Thread started: Thread Group 1-43
2024-10-11 02:57:26,221 INFO o.a.j.s.FileServer: Stored: hosts.csv Alias: hosts.csv@408066057
2024-10-11 02:57:27,426 INFO o.a.j.t.JMeterThread: Thread started: Thread Group 1-44
2024-10-11 02:57:27,426 INFO o.a.j.s.FileServer: Stored: hosts.csv Alias: hosts.csv@2024859487
2024-10-11 02:57:28,628 INFO o.a.j.t.JMeterThread: Thread started: Thread Group 1-45
2024-10-11 02:57:28,630 INFO o.a.j.s.FileServer: Stored: hosts.csv Alias: hosts.csv@1258215670
2024-10-11 02:57:29,829 INFO o.a.j.t.JMeterThread: Thread started: Thread Group 1-46
2024-10-11 02:57:29,830 INFO o.a.j.s.FileServer: Stored: hosts.csv Alias: hosts.csv@1331183727
2024-10-11 02:57:31,018 INFO o.a.j.t.JMeterThread: Thread started: Thread Group 1-47
2024-10-11 02:57:31,018 INFO o.a.j.s.FileServer: Stored: hosts.csv Alias: hosts.csv@959369660
2024-10-11 02:57:31,069 INFO o.a.j.r.Summariser: summary +     59 in 00:00:31 =    1.9/s Avg:  8976 Min:    12 Max: 30028 Err:    59 (100.00%) Active: 47 Started: 47 Finished: 0
2024-10-11 02:57:31,071 INFO o.a.j.r.Summariser: summary =     90 in 00:00:56 =    1.6/s Avg:  6028 Min:    12 Max: 30028 Err:    90 (100.00%)
2024-10-11 02:57:32,225 INFO o.a.j.t.JMeterThread: Thread started: Thread Group 1-48
2024-10-11 02:57:32,226 INFO o.a.j.s.FileServer: Stored: hosts.csv Alias: hosts.csv@792733531
2024-10-11 02:57:33,418 INFO o.a.j.t.JMeterThread: Thread started: Thread Group 1-49
2024-10-11 02:57:33,419 INFO o.a.j.s.FileServer: Stored: hosts.csv Alias: hosts.csv@956255057
2024-10-11 02:57:34,617 INFO o.a.j.t.JMeterThread: Thread started: Thread Group 1-50
2024-10-11 02:57:34,620 INFO o.a.j.s.FileServer: Stored: hosts.csv Alias: hosts.csv@306457380
2024-10-11 02:57:57,100 WARN o.a.j.p.h.s.HTTPSamplerBase: Existing CookieManager HTTP Cookie Manager superseded by HTTP Cookie Manager
2024-10-11 02:58:00,028 INFO o.a.j.r.Summariser: summary +    151 in 00:00:29 =    5.2/s Avg: 11417 Min:    12 Max: 33029 Err:   151 (100.00%) Active: 50 Started: 50 Finished: 0
2024-10-11 02:58:00,028 INFO o.a.j.r.Summariser: summary =    241 in 00:01:25 =    2.8/s Avg:  9404 Min:    12 Max: 33029 Err:   241 (100.00%)
2024-10-11 02:58:33,346 INFO o.a.j.r.Summariser: summary +     52 in 00:00:33 =    1.6/s Avg: 11578 Min:    14 Max: 31029 Err:    52 (100.00%) Active: 50 Started: 50 Finished: 0
2024-10-11 02:58:33,347 INFO o.a.j.r.Summariser: summary =    293 in 00:01:59 =    2.5/s Avg:  9790 Min:    12 Max: 33029 Err:   293 (100.00%)
2024-10-11 02:58:38,739 WARN o.a.j.p.h.s.HTTPSamplerBase: Existing CookieManager HTTP Cookie Manager superseded by HTTP Cookie Manager
2024-10-11 02:58:42,842 WARN o.a.j.p.h.s.HTTPSamplerBase: Existing CookieManager HTTP Cookie Manager superseded by HTTP Cookie Manager
2024-10-11 02:58:43,077 WARN o.a.j.p.h.s.HTTPSamplerBase: Existing CookieManager HTTP Cookie Manager superseded by HTTP Cookie Manager
2024-10-11 02:58:46,297 WARN o.a.j.p.h.s.HTTPSamplerBase: Existing CookieManager HTTP Cookie Manager superseded by HTTP Cookie Manager
2024-10-11 02:58:46,787 WARN o.a.j.p.h.s.HTTPSamplerBase: Existing CookieManager HTTP Cookie Manager superseded by HTTP Cookie Manager
2024-10-11 02:58:46,788 WARN o.a.j.p.h.s.HTTPSamplerBase: Existing CookieManager HTTP Cookie Manager superseded by HTTP Cookie Manager
2024-10-11 02:58:48,090 WARN o.a.j.p.h.s.HTTPSamplerBase: Existing CookieManager HTTP Cookie Manager superseded by HTTP Cookie Manager
2024-10-11 02:58:49,872 WARN o.a.j.p.h.s.HTTPSamplerBase: Existing CookieManager HTTP Cookie Manager superseded by HTTP Cookie Manager
2024-10-11 02:58:52,295 WARN o.a.j.p.h.s.HTTPSamplerBase: Existing CookieManager HTTP Cookie Manager superseded by HTTP Cookie Manager
2024-10-11 02:58:54,348 WARN o.a.j.p.h.s.HTTPSamplerBase: Existing CookieManager HTTP Cookie Manager superseded by HTTP Cookie Manager
2024-10-11 02:59:03,920 INFO o.a.j.r.Summariser: summary +    284 in 00:00:31 =    9.3/s Avg:  8884 Min:    12 Max: 51068 Err:   284 (100.00%) Active: 50 Started: 50 Finished: 0
2024-10-11 02:59:03,921 INFO o.a.j.r.Summariser: summary =    577 in 00:02:29 =    3.9/s Avg:  9344 Min:    12 Max: 51068 Err:   577 (100.00%)
2024-10-11 02:59:25,732 WARN o.a.j.p.h.s.HTTPSamplerBase: Existing CookieManager HTTP Cookie Manager superseded by HTTP Cookie Manager
2024-10-11 02:59:30,171 INFO o.a.j.r.Summariser: summary +     50 in 00:00:26 =    1.9/s Avg: 24178 Min:    14 Max: 39065 Err:    50 (100.00%) Active: 50 Started: 50 Finished: 0
2024-10-11 02:59:30,171 INFO o.a.j.r.Summariser: summary =    627 in 00:02:55 =    3.6/s Avg: 10527 Min:    12 Max: 51068 Err:   627 (100.00%)
2024-10-11 02:59:38,252 WARN o.a.j.p.h.s.HTTPSamplerBase: Existing CookieManager HTTP Cookie Manager superseded by HTTP Cookie Manager
2024-10-11 02:59:58,292 WARN o.a.j.p.h.s.HTTPSamplerBase: Existing CookieManager HTTP Cookie Manager superseded by HTTP Cookie Manager
2024-10-11 03:00:00,186 INFO o.a.j.r.Summariser: summary +     66 in 00:00:30 =    2.2/s Avg: 24939 Min:    11 Max: 54080 Err:    66 (100.00%) Active: 50 Started: 50 Finished: 0
2024-10-11 03:00:00,186 INFO o.a.j.r.Summariser: summary =    693 in 00:03:25 =    3.4/s Avg: 11900 Min:    11 Max: 54080 Err:   693 (100.00%)
2024-10-11 03:00:30,210 INFO o.a.j.r.Summariser: summary +     59 in 00:00:30 =    2.0/s Avg: 25485 Min:    11 Max: 31054 Err:    59 (100.00%) Active: 50 Started: 50 Finished: 0
2024-10-11 03:00:30,212 INFO o.a.j.r.Summariser: summary =    752 in 00:03:55 =    3.2/s Avg: 12965 Min:    11 Max: 54080 Err:   752 (100.00%)
2024-10-11 03:00:57,013 WARN o.a.j.p.h.s.HTTPSamplerBase: Existing CookieManager HTTP Cookie Manager superseded by HTTP Cookie Manager
2024-10-11 03:00:57,305 WARN o.a.j.p.h.s.HTTPSamplerBase: Existing CookieManager HTTP Cookie Manager superseded by HTTP Cookie Manager
2024-10-11 03:01:00,273 INFO o.a.j.r.Summariser: summary +     61 in 00:00:30 =    2.0/s Avg: 24635 Min:    13 Max: 33056 Err:    61 (100.00%) Active: 50 Started: 50 Finished: 0
2024-10-11 03:01:00,275 INFO o.a.j.r.Summariser: summary =    813 in 00:04:26 =    3.1/s Avg: 13841 Min:    11 Max: 54080 Err:   813 (100.00%)
2024-10-11 03:01:25,977 WARN o.a.j.p.h.s.HTTPSamplerBase: Existing CookieManager HTTP Cookie Manager superseded by HTTP Cookie Manager
2024-10-11 03:01:26,464 WARN o.a.j.p.h.s.HTTPSamplerBase: Existing CookieManager HTTP Cookie Manager superseded by HTTP Cookie Manager
2024-10-11 03:01:27,509 WARN o.a.j.p.h.s.HTTPSamplerBase: Existing CookieManager HTTP Cookie Manager superseded by HTTP Cookie Manager
2024-10-11 03:01:29,745 WARN o.a.j.p.h.s.HTTPSamplerBase: Existing CookieManager HTTP Cookie Manager superseded by HTTP Cookie Manager
2024-10-11 03:01:29,748 WARN o.a.j.p.h.s.HTTPSamplerBase: Existing CookieManager HTTP Cookie Manager superseded by HTTP Cookie Manager
2024-10-11 03:01:30,297 INFO o.a.j.r.Summariser: summary +     68 in 00:00:30 =    2.3/s Avg: 22109 Min:    13 Max: 31058 Err:    68 (100.00%) Active: 50 Started: 50 Finished: 0
2024-10-11 03:01:30,299 INFO o.a.j.r.Summariser: summary =    881 in 00:04:56 =    3.0/s Avg: 14479 Min:    11 Max: 54080 Err:   881 (100.00%)
2024-10-11 03:01:35,045 WARN o.a.j.p.h.s.HTTPSamplerBase: Existing CookieManager HTTP Cookie Manager superseded by HTTP Cookie Manager
2024-10-11 03:01:35,552 WARN o.a.j.p.h.s.HTTPSamplerBase: Existing CookieManager HTTP Cookie Manager superseded by HTTP Cookie Manager
2024-10-11 03:01:36,010 INFO o.a.j.t.JMeterThread: Stopping because end time detected by thread: Thread Group 1-8
2024-10-11 03:01:36,011 INFO o.a.j.t.JMeterThread: Thread finished: Thread Group 1-8
2024-10-11 03:01:36,062 INFO o.a.j.t.JMeterThread: Stopping because end time detected by thread: Thread Group 1-50
2024-10-11 03:01:36,062 INFO o.a.j.t.JMeterThread: Thread finished: Thread Group 1-50
2024-10-11 03:01:36,513 INFO o.a.j.t.JMeterThread: Stopping because end time detected by thread: Thread Group 1-31
2024-10-11 03:01:36,513 INFO o.a.j.t.JMeterThread: Thread finished: Thread Group 1-31
2024-10-11 03:01:36,590 INFO o.a.j.t.JMeterThread: Stopping because end time detected by thread: Thread Group 1-24
2024-10-11 03:01:36,591 INFO o.a.j.t.JMeterThread: Thread finished: Thread Group 1-24
2024-10-11 03:01:37,322 INFO o.a.j.t.JMeterThread: Stopping because end time detected by thread: Thread Group 1-4
2024-10-11 03:01:37,322 INFO o.a.j.t.JMeterThread: Thread finished: Thread Group 1-4
2024-10-11 03:01:37,322 INFO o.a.j.t.JMeterThread: Stopping because end time detected by thread: Thread Group 1-41
2024-10-11 03:01:37,322 INFO o.a.j.t.JMeterThread: Thread finished: Thread Group 1-41
2024-10-11 03:01:38,336 INFO o.a.j.t.JMeterThread: Stopping because end time detected by thread: Thread Group 1-46
2024-10-11 03:01:38,337 INFO o.a.j.t.JMeterThread: Thread finished: Thread Group 1-46
2024-10-11 03:01:38,374 INFO o.a.j.t.JMeterThread: Stopping because end time detected by thread: Thread Group 1-35
2024-10-11 03:01:38,374 INFO o.a.j.t.JMeterThread: Thread finished: Thread Group 1-35
2024-10-11 03:01:39,079 INFO o.a.j.t.JMeterThread: Stopping because end time detected by thread: Thread Group 1-33
2024-10-11 03:01:39,079 INFO o.a.j.t.JMeterThread: Thread finished: Thread Group 1-33
2024-10-11 03:01:39,166 INFO o.a.j.t.JMeterThread: Stopping because end time detected by thread: Thread Group 1-2
2024-10-11 03:01:39,166 INFO o.a.j.t.JMeterThread: Thread finished: Thread Group 1-2
2024-10-11 03:01:39,530 INFO o.a.j.t.JMeterThread: Stopping because end time detected by thread: Thread Group 1-21
2024-10-11 03:01:39,538 INFO o.a.j.t.JMeterThread: Thread finished: Thread Group 1-21
2024-10-11 03:01:40,328 INFO o.a.j.t.JMeterThread: Stopping because end time detected by thread: Thread Group 1-10
2024-10-11 03:01:40,328 INFO o.a.j.t.JMeterThread: Thread finished: Thread Group 1-10
2024-10-11 03:01:40,572 INFO o.a.j.t.JMeterThread: Stopping because end time detected by thread: Thread Group 1-22
2024-10-11 03:01:40,572 INFO o.a.j.t.JMeterThread: Thread finished: Thread Group 1-22
2024-10-11 03:01:43,112 INFO o.a.j.t.JMeterThread: Stopping because end time detected by thread: Thread Group 1-20
2024-10-11 03:01:43,112 INFO o.a.j.t.JMeterThread: Thread finished: Thread Group 1-20
2024-10-11 03:01:55,800 INFO o.a.j.t.JMeterThread: Stopping because end time detected by thread: Thread Group 1-16
2024-10-11 03:01:55,800 INFO o.a.j.t.JMeterThread: Thread finished: Thread Group 1-16
2024-10-11 03:01:55,816 INFO o.a.j.t.JMeterThread: Stopping because end time detected by thread: Thread Group 1-43
2024-10-11 03:01:55,816 INFO o.a.j.t.JMeterThread: Thread finished: Thread Group 1-43
2024-10-11 03:01:55,821 INFO o.a.j.t.JMeterThread: Stopping because end time detected by thread: Thread Group 1-48
2024-10-11 03:01:55,821 INFO o.a.j.t.JMeterThread: Thread finished: Thread Group 1-48
2024-10-11 03:01:55,886 INFO o.a.j.t.JMeterThread: Stopping because end time detected by thread: Thread Group 1-39
2024-10-11 03:01:55,898 INFO o.a.j.t.JMeterThread: Thread finished: Thread Group 1-39
2024-10-11 03:01:55,906 INFO o.a.j.t.JMeterThread: Stopping because end time detected by thread: Thread Group 1-38
2024-10-11 03:01:55,906 INFO o.a.j.t.JMeterThread: Thread finished: Thread Group 1-38
2024-10-11 03:01:55,956 INFO o.a.j.t.JMeterThread: Stopping because end time detected by thread: Thread Group 1-13
2024-10-11 03:01:55,956 INFO o.a.j.t.JMeterThread: Thread finished: Thread Group 1-13
2024-10-11 03:01:56,022 INFO o.a.j.t.JMeterThread: Stopping because end time detected by thread: Thread Group 1-25
2024-10-11 03:01:56,022 INFO o.a.j.t.JMeterThread: Thread finished: Thread Group 1-25
2024-10-11 03:01:56,037 INFO o.a.j.t.JMeterThread: Stopping because end time detected by thread: Thread Group 1-29
2024-10-11 03:01:56,037 INFO o.a.j.t.JMeterThread: Thread finished: Thread Group 1-29
2024-10-11 03:01:56,037 INFO o.a.j.t.JMeterThread: Stopping because end time detected by thread: Thread Group 1-11
2024-10-11 03:01:56,038 INFO o.a.j.t.JMeterThread: Thread finished: Thread Group 1-11
2024-10-11 03:01:56,044 INFO o.a.j.t.JMeterThread: Stopping because end time detected by thread: Thread Group 1-14
2024-10-11 03:01:56,046 INFO o.a.j.t.JMeterThread: Thread finished: Thread Group 1-14
2024-10-11 03:01:56,097 INFO o.a.j.t.JMeterThread: Stopping because end time detected by thread: Thread Group 1-40
2024-10-11 03:01:56,098 INFO o.a.j.t.JMeterThread: Thread finished: Thread Group 1-40
2024-10-11 03:01:56,131 INFO o.a.j.t.JMeterThread: Stopping because end time detected by thread: Thread Group 1-34
2024-10-11 03:01:56,133 INFO o.a.j.t.JMeterThread: Thread finished: Thread Group 1-34
2024-10-11 03:01:56,142 INFO o.a.j.t.JMeterThread: Stopping because end time detected by thread: Thread Group 1-45
2024-10-11 03:01:56,143 INFO o.a.j.t.JMeterThread: Thread finished: Thread Group 1-45
2024-10-11 03:01:56,516 INFO o.a.j.t.JMeterThread: Stopping because end time detected by thread: Thread Group 1-32
2024-10-11 03:01:56,516 INFO o.a.j.t.JMeterThread: Thread finished: Thread Group 1-32
2024-10-11 03:01:56,521 INFO o.a.j.t.JMeterThread: Stopping because end time detected by thread: Thread Group 1-36
2024-10-11 03:01:56,521 INFO o.a.j.t.JMeterThread: Thread finished: Thread Group 1-36
2024-10-11 03:01:56,558 INFO o.a.j.t.JMeterThread: Stopping because end time detected by thread: Thread Group 1-27
2024-10-11 03:01:56,560 INFO o.a.j.t.JMeterThread: Thread finished: Thread Group 1-27
2024-10-11 03:01:56,561 INFO o.a.j.t.JMeterThread: Stopping because end time detected by thread: Thread Group 1-12
2024-10-11 03:01:56,562 INFO o.a.j.t.JMeterThread: Thread finished: Thread Group 1-12
2024-10-11 03:01:56,630 INFO o.a.j.t.JMeterThread: Stopping because end time detected by thread: Thread Group 1-42
2024-10-11 03:01:56,630 INFO o.a.j.t.JMeterThread: Thread finished: Thread Group 1-42
2024-10-11 03:01:56,637 INFO o.a.j.t.JMeterThread: Stopping because end time detected by thread: Thread Group 1-47
2024-10-11 03:01:56,637 INFO o.a.j.t.JMeterThread: Thread finished: Thread Group 1-47
2024-10-11 03:01:56,681 INFO o.a.j.t.JMeterThread: Stopping because end time detected by thread: Thread Group 1-6
2024-10-11 03:01:56,681 INFO o.a.j.t.JMeterThread: Thread finished: Thread Group 1-6
2024-10-11 03:01:57,079 INFO o.a.j.t.JMeterThread: Stopping because end time detected by thread: Thread Group 1-30
2024-10-11 03:01:57,079 INFO o.a.j.t.JMeterThread: Thread finished: Thread Group 1-30
2024-10-11 03:01:57,083 INFO o.a.j.t.JMeterThread: Stopping because end time detected by thread: Thread Group 1-19
2024-10-11 03:01:57,083 INFO o.a.j.t.JMeterThread: Thread finished: Thread Group 1-19
2024-10-11 03:01:57,324 INFO o.a.j.t.JMeterThread: Stopping because end time detected by thread: Thread Group 1-1
2024-10-11 03:01:57,325 INFO o.a.j.t.JMeterThread: Thread finished: Thread Group 1-1
2024-10-11 03:01:57,383 INFO o.a.j.t.JMeterThread: Stopping because end time detected by thread: Thread Group 1-15
2024-10-11 03:01:57,384 INFO o.a.j.t.JMeterThread: Thread finished: Thread Group 1-15
2024-10-11 03:01:57,460 INFO o.a.j.t.JMeterThread: Stopping because end time detected by thread: Thread Group 1-23
2024-10-11 03:01:57,460 INFO o.a.j.t.JMeterThread: Thread finished: Thread Group 1-23
2024-10-11 03:01:57,562 INFO o.a.j.t.JMeterThread: Stopping because end time detected by thread: Thread Group 1-5
2024-10-11 03:01:57,580 INFO o.a.j.t.JMeterThread: Thread finished: Thread Group 1-5
2024-10-11 03:01:57,839 INFO o.a.j.t.JMeterThread: Stopping because end time detected by thread: Thread Group 1-7
2024-10-11 03:01:57,839 INFO o.a.j.t.JMeterThread: Thread finished: Thread Group 1-7
2024-10-11 03:01:58,416 INFO o.a.j.t.JMeterThread: Stopping because end time detected by thread: Thread Group 1-3
2024-10-11 03:01:58,416 INFO o.a.j.t.JMeterThread: Thread finished: Thread Group 1-3
2024-10-11 03:01:58,870 INFO o.a.j.t.JMeterThread: Stopping because end time detected by thread: Thread Group 1-17
2024-10-11 03:01:58,870 INFO o.a.j.t.JMeterThread: Thread finished: Thread Group 1-17
2024-10-11 03:01:59,794 INFO o.a.j.t.JMeterThread: Stopping because end time detected by thread: Thread Group 1-37
2024-10-11 03:01:59,794 INFO o.a.j.t.JMeterThread: Thread finished: Thread Group 1-37
2024-10-11 03:01:59,802 INFO o.a.j.t.JMeterThread: Stopping because end time detected by thread: Thread Group 1-18
2024-10-11 03:01:59,802 INFO o.a.j.t.JMeterThread: Thread finished: Thread Group 1-18
2024-10-11 03:01:59,938 INFO o.a.j.t.JMeterThread: Stopping because end time detected by thread: Thread Group 1-49
2024-10-11 03:01:59,938 INFO o.a.j.t.JMeterThread: Thread finished: Thread Group 1-49
2024-10-11 03:02:00,330 INFO o.a.j.r.Summariser: summary +     55 in 00:00:30 =    1.8/s Avg: 27315 Min:    13 Max: 30056 Err:    55 (100.00%) Active: 4 Started: 50 Finished: 46
2024-10-11 03:02:00,332 INFO o.a.j.r.Summariser: summary =    936 in 00:05:26 =    2.9/s Avg: 15233 Min:    11 Max: 54080 Err:   936 (100.00%)
2024-10-11 03:02:00,332 INFO o.a.j.t.JMeterThread: Stopping because end time detected by thread: Thread Group 1-28
2024-10-11 03:02:00,332 INFO o.a.j.t.JMeterThread: Thread finished: Thread Group 1-28
2024-10-11 03:02:00,363 INFO o.a.j.t.JMeterThread: Stopping because end time detected by thread: Thread Group 1-26
2024-10-11 03:02:00,364 INFO o.a.j.t.JMeterThread: Thread finished: Thread Group 1-26
2024-10-11 03:02:05,101 INFO o.a.j.t.JMeterThread: Stopping because end time detected by thread: Thread Group 1-9
2024-10-11 03:02:05,103 INFO o.a.j.t.JMeterThread: Thread finished: Thread Group 1-9
2024-10-11 03:02:05,126 INFO o.a.j.t.JMeterThread: Stopping because end time detected by thread: Thread Group 1-44
2024-10-11 03:02:05,127 INFO o.a.j.t.JMeterThread: Thread finished: Thread Group 1-44
2024-10-11 03:02:05,127 INFO o.a.j.e.StandardJMeterEngine: Notifying test listeners of end of test
2024-10-11 03:02:05,127 INFO o.a.j.s.FileServer: Close: hosts.csv@408066057
2024-10-11 03:02:05,127 INFO o.a.j.s.FileServer: Close: hosts.csv@1667376294
2024-10-11 03:02:05,127 INFO o.a.j.s.FileServer: Close: hosts.csv@627285058
2024-10-11 03:02:05,127 INFO o.a.j.s.FileServer: Close: hosts.csv@1644268468
2024-10-11 03:02:05,127 INFO o.a.j.s.FileServer: Close: hosts.csv@80291922
2024-10-11 03:02:05,127 INFO o.a.j.s.FileServer: Close: hosts.csv@133052694
2024-10-11 03:02:05,127 INFO o.a.j.s.FileServer: Close: hosts.csv@2024859487
2024-10-11 03:02:05,127 INFO o.a.j.s.FileServer: Close: hosts.csv@1646608928
2024-10-11 03:02:05,127 INFO o.a.j.s.FileServer: Close: hosts.csv@1260998196
2024-10-11 03:02:05,127 INFO o.a.j.s.FileServer: Close: hosts.csv@792733531
2024-10-11 03:02:05,127 INFO o.a.j.s.FileServer: Close: hosts.csv@433809296
2024-10-11 03:02:05,127 INFO o.a.j.s.FileServer: Close: hosts.csv@1172840897
2024-10-11 03:02:05,127 INFO o.a.j.s.FileServer: Close: hosts.csv@930983416
2024-10-11 03:02:05,127 INFO o.a.j.s.FileServer: Close: hosts.csv@1292660714
2024-10-11 03:02:05,127 INFO o.a.j.s.FileServer: Close: hosts.csv@1018517188
2024-10-11 03:02:05,127 INFO o.a.j.s.FileServer: Close: hosts.csv@1065731470
2024-10-11 03:02:05,127 INFO o.a.j.s.FileServer: Close: hosts.csv@2128532277
2024-10-11 03:02:05,127 INFO o.a.j.s.FileServer: Close: hosts.csv@1565395155
2024-10-11 03:02:05,127 INFO o.a.j.s.FileServer: Close: hosts.csv@1395421798
2024-10-11 03:02:05,127 INFO o.a.j.s.FileServer: Close: hosts.csv@1246701231
2024-10-11 03:02:05,127 INFO o.a.j.s.FileServer: Close: hosts.csv@1030483902
2024-10-11 03:02:05,127 INFO o.a.j.s.FileServer: Close: hosts.csv@308163596
2024-10-11 03:02:05,127 INFO o.a.j.s.FileServer: Close: hosts.csv@1258215670
2024-10-11 03:02:05,127 INFO o.a.j.s.FileServer: Close: hosts.csv@38969354
2024-10-11 03:02:05,127 INFO o.a.j.s.FileServer: Close: hosts.csv@778900917
2024-10-11 03:02:05,127 INFO o.a.j.s.FileServer: Close: hosts.csv@119213602
2024-10-11 03:02:05,127 INFO o.a.j.s.FileServer: Close: hosts.csv@1678566614
2024-10-11 03:02:05,127 INFO o.a.j.s.FileServer: Close: hosts.csv@306457380
2024-10-11 03:02:05,129 INFO o.a.j.s.FileServer: Close: hosts.csv@189104390
2024-10-11 03:02:05,129 INFO o.a.j.s.FileServer: Close: hosts.csv@1173765659
2024-10-11 03:02:05,129 INFO o.a.j.s.FileServer: Close: hosts.csv@535664964
2024-10-11 03:02:05,129 INFO o.a.j.s.FileServer: Close: Airports2.csv
2024-10-11 03:02:05,129 INFO o.a.j.s.FileServer: Close: Airports.csv
2024-10-11 03:02:05,129 INFO o.a.j.s.FileServer: Close: hosts.csv@50044977
2024-10-11 03:02:05,129 INFO o.a.j.s.FileServer: Close: hosts.csv@317826440
2024-10-11 03:02:05,129 INFO o.a.j.s.FileServer: Close: hosts.csv@1620407941
2024-10-11 03:02:05,129 INFO o.a.j.s.FileServer: Close: hosts.csv@1427108011
2024-10-11 03:02:05,129 INFO o.a.j.s.FileServer: Close: hosts.csv@2056606906
2024-10-11 03:02:05,129 INFO o.a.j.s.FileServer: Close: hosts.csv@448565381
2024-10-11 03:02:05,129 INFO o.a.j.s.FileServer: Close: hosts.csv@2011630430
2024-10-11 03:02:05,129 INFO o.a.j.s.FileServer: Close: hosts.csv@1888832078
2024-10-11 03:02:05,129 INFO o.a.j.s.FileServer: Close: hosts.csv@1331183727
2024-10-11 03:02:05,129 INFO o.a.j.s.FileServer: Close: hosts.csv@1793118540
2024-10-11 03:02:05,129 INFO o.a.j.s.FileServer: Close: hosts.csv@1064614057
2024-10-11 03:02:05,129 INFO o.a.j.s.FileServer: Close: hosts.csv@1514161192
2024-10-11 03:02:05,129 INFO o.a.j.s.FileServer: Close: hosts.csv@1106003635
2024-10-11 03:02:05,129 INFO o.a.j.s.FileServer: Close: hosts.csv@1677016481
2024-10-11 03:02:05,129 INFO o.a.j.s.FileServer: Close: hosts.csv@1964187349
2024-10-11 03:02:05,129 INFO o.a.j.s.FileServer: Close: hosts.csv@1764934449
2024-10-11 03:02:05,129 INFO o.a.j.s.FileServer: Close: hosts.csv@956255057
2024-10-11 03:02:05,130 INFO o.a.j.s.FileServer: Close: hosts.csv@959369660
2024-10-11 03:02:05,130 INFO o.a.j.s.FileServer: Close: hosts.csv@1868448069
2024-10-11 03:02:05,130 INFO o.a.j.r.Summariser: summary +      3 in 00:00:05 =    0.6/s Avg: 30018 Min: 30013 Max: 30028 Err:     3 (100.00%) Active: 0 Started: 50 Finished: 50
2024-10-11 03:02:05,130 INFO o.a.j.r.Summariser: summary =    939 in 00:05:30 =    2.8/s Avg: 15281 Min:    11 Max: 54080 Err:   939 (100.00%)
