WARNING: package sun.awt.X11 not in java.desktop
WARN StatusConsoleListener The use of package scanning to locate plugins is deprecated and will be removed in a future release
WARN StatusConsoleListener The use of package scanning to locate plugins is deprecated and will be removed in a future release
WARN StatusConsoleListener The use of package scanning to locate plugins is deprecated and will be removed in a future release
WARN StatusConsoleListener The use of package scanning to locate plugins is deprecated and will be removed in a future release
Creating summariser <summary>
Created the tree successfully using acmeair-jmeter/scripts/AcmeAir-microservices-mpJwt.jmx
Starting standalone test @ 2024 Oct 11 02:56:34 EDT (1728629794549)
Waiting for possible Shutdown/StopTestNow/HeapDump/ThreadDump message on port 4445
usePureIDs property was set.
summary +     31 in 00:00:26 =    1.2/s Avg:   417 Min:    13 Max:  3043 Err:    31 (100.00%) Active: 21 Started: 21 Finished: 0
summary +     59 in 00:00:31 =    1.9/s Avg:  8976 Min:    12 Max: 30028 Err:    59 (100.00%) Active: 47 Started: 47 Finished: 0
summary =     90 in 00:00:56 =    1.6/s Avg:  6028 Min:    12 Max: 30028 Err:    90 (100.00%)
summary +    151 in 00:00:29 =    5.2/s Avg: 11417 Min:    12 Max: 33029 Err:   151 (100.00%) Active: 50 Started: 50 Finished: 0
summary =    241 in 00:01:25 =    2.8/s Avg:  9404 Min:    12 Max: 33029 Err:   241 (100.00%)
summary +     52 in 00:00:33 =    1.6/s Avg: 11578 Min:    14 Max: 31029 Err:    52 (100.00%) Active: 50 Started: 50 Finished: 0
summary =    293 in 00:01:59 =    2.5/s Avg:  9790 Min:    12 Max: 33029 Err:   293 (100.00%)
summary +    284 in 00:00:31 =    9.3/s Avg:  8884 Min:    12 Max: 51068 Err:   284 (100.00%) Active: 50 Started: 50 Finished: 0
summary =    577 in 00:02:29 =    3.9/s Avg:  9344 Min:    12 Max: 51068 Err:   577 (100.00%)
summary +     50 in 00:00:26 =    1.9/s Avg: 24178 Min:    14 Max: 39065 Err:    50 (100.00%) Active: 50 Started: 50 Finished: 0
summary =    627 in 00:02:55 =    3.6/s Avg: 10527 Min:    12 Max: 51068 Err:   627 (100.00%)
summary +     66 in 00:00:30 =    2.2/s Avg: 24939 Min:    11 Max: 54080 Err:    66 (100.00%) Active: 50 Started: 50 Finished: 0
summary =    693 in 00:03:25 =    3.4/s Avg: 11900 Min:    11 Max: 54080 Err:   693 (100.00%)
summary +     59 in 00:00:30 =    2.0/s Avg: 25485 Min:    11 Max: 31054 Err:    59 (100.00%) Active: 50 Started: 50 Finished: 0
summary =    752 in 00:03:55 =    3.2/s Avg: 12965 Min:    11 Max: 54080 Err:   752 (100.00%)
summary +     61 in 00:00:30 =    2.0/s Avg: 24635 Min:    13 Max: 33056 Err:    61 (100.00%) Active: 50 Started: 50 Finished: 0
summary =    813 in 00:04:26 =    3.1/s Avg: 13841 Min:    11 Max: 54080 Err:   813 (100.00%)
summary +     68 in 00:00:30 =    2.3/s Avg: 22109 Min:    13 Max: 31058 Err:    68 (100.00%) Active: 50 Started: 50 Finished: 0
summary =    881 in 00:04:56 =    3.0/s Avg: 14479 Min:    11 Max: 54080 Err:   881 (100.00%)
summary +     55 in 00:00:30 =    1.8/s Avg: 27315 Min:    13 Max: 30056 Err:    55 (100.00%) Active: 4 Started: 50 Finished: 46
summary =    936 in 00:05:26 =    2.9/s Avg: 15233 Min:    11 Max: 54080 Err:   936 (100.00%)
summary +      3 in 00:00:05 =    0.6/s Avg: 30018 Min: 30013 Max: 30028 Err:     3 (100.00%) Active: 0 Started: 50 Finished: 50
summary =    939 in 00:05:30 =    2.8/s Avg: 15281 Min:    11 Max: 54080 Err:   939 (100.00%)
Tidying up ...    @ 2024 Oct 11 03:02:05 EDT (1728630125130)
... end of run
